<?xml version="1.0" encoding="UTF-8"?>
<coverage generated="1773383618100" clover="3.2.0">
  <project timestamp="1773383618100" name="All files">
    <metrics statements="90" coveredstatements="90" conditionals="53" coveredconditionals="41" methods="7" coveredmethods="7" elements="150" coveredelements="138" complexity="0" loc="90" ncloc="90" packages="3" files="3" classes="3"/>
    <package name="untitled folder">
      <metrics statements="3" coveredstatements="3" conditionals="0" coveredconditionals="0" methods="1" coveredmethods="1"/>
      <file name="strapi-server.js" path="/Users/excellentmashengete/Downloads/untitled folder/strapi-server.js">
        <metrics statements="3" coveredstatements="3" conditionals="0" coveredconditionals="0" methods="1" coveredmethods="1"/>
        <line num="3" count="1" type="stmt"/>
        <line num="4" count="1" type="stmt"/>
        <line num="6" count="1" type="stmt"/>
      </file>
    </package>
    <package name="untitled folder.server">
      <metrics statements="11" coveredstatements="11" conditionals="7" coveredconditionals="7" methods="2" coveredmethods="2"/>
      <file name="bootstrap.js" path="/Users/excellentmashengete/Downloads/untitled folder/server/bootstrap.js">
        <metrics statements="11" coveredstatements="11" conditionals="7" coveredconditionals="7" methods="2" coveredmethods="2"/>
        <line num="3" count="1" type="stmt"/>
        <line num="10" count="1" type="stmt"/>
        <line num="11" count="13" type="stmt"/>
        <line num="13" count="13" type="cond" truecount="5" falsecount="0"/>
        <line num="14" count="5" type="stmt"/>
        <line num="18" count="5" type="stmt"/>
        <line num="21" count="8" type="stmt"/>
        <line num="30" count="2" type="cond" truecount="2" falsecount="0"/>
        <line num="31" count="1" type="stmt"/>
        <line num="40" count="8" type="stmt"/>
        <line num="45" count="8" type="stmt"/>
      </file>
    </package>
    <package name="untitled folder.server.controllers">
      <metrics statements="76" coveredstatements="76" conditionals="46" coveredconditionals="34" methods="4" coveredmethods="4"/>
      <file name="sso.js" path="/Users/excellentmashengete/Downloads/untitled folder/server/controllers/sso.js">
        <metrics statements="76" coveredstatements="76" conditionals="46" coveredconditionals="34" methods="4" coveredmethods="4"/>
        <line num="3" count="1" type="stmt"/>
        <line num="4" count="1" type="stmt"/>
        <line num="6" count="1" type="stmt"/>
        <line num="12" count="7" type="stmt"/>
        <line num="13" count="7" type="stmt"/>
        <line num="14" count="7" type="stmt"/>
        <line num="16" count="7" type="cond" truecount="2" falsecount="0"/>
        <line num="17" count="1" type="stmt"/>
        <line num="18" count="1" type="stmt"/>
        <line num="22" count="6" type="stmt"/>
        <line num="28" count="6" type="stmt"/>
        <line num="33" count="6" type="stmt"/>
        <line num="41" count="6" type="stmt"/>
        <line num="42" count="6" type="stmt"/>
        <line num="50" count="6" type="stmt"/>
        <line num="58" count="5" type="stmt"/>
        <line num="60" count="1" type="stmt"/>
        <line num="61" count="1" type="stmt"/>
        <line num="70" count="22" type="stmt"/>
        <line num="71" count="22" type="stmt"/>
        <line num="72" count="22" type="stmt"/>
        <line num="74" count="22" type="cond" truecount="2" falsecount="0"/>
        <line num="75" count="2" type="stmt"/>
        <line num="76" count="2" type="stmt"/>
        <line num="79" count="20" type="stmt"/>
        <line num="81" count="20" type="cond" truecount="2" falsecount="0"/>
        <line num="82" count="1" type="stmt"/>
        <line num="83" count="1" type="stmt"/>
        <line num="84" count="1" type="stmt"/>
        <line num="88" count="19" type="stmt"/>
        <line num="89" count="19" type="stmt"/>
        <line num="91" count="19" type="cond" truecount="5" falsecount="0"/>
        <line num="92" count="3" type="stmt"/>
        <line num="93" count="3" type="stmt"/>
        <line num="97" count="16" type="stmt"/>
        <line num="98" count="16" type="stmt"/>
        <line num="101" count="16" type="stmt"/>
        <line num="108" count="15" type="stmt"/>
        <line num="111" count="15" type="cond" truecount="2" falsecount="1"/>
        <line num="116" count="15" type="cond" truecount="1" falsecount="2"/>
        <line num="121" count="15" type="cond" truecount="1" falsecount="2"/>
        <line num="125" count="15" type="cond" truecount="1" falsecount="1"/>
        <line num="128" count="15" type="stmt"/>
        <line num="129" count="15" type="cond" truecount="1" falsecount="1"/>
        <line num="130" count="15" type="cond" truecount="1" falsecount="1"/>
        <line num="132" count="15" type="stmt"/>
        <line num="134" count="15" type="cond" truecount="2" falsecount="0"/>
        <line num="135" count="2" type="stmt"/>
        <line num="136" count="2" type="stmt"/>
        <line num="137" count="2" type="stmt"/>
        <line num="141" count="13" type="stmt"/>
        <line num="142" count="13" type="stmt"/>
        <line num="143" count="2" type="cond" truecount="2" falsecount="0"/>
        <line num="144" count="1" type="cond" truecount="1" falsecount="1"/>
        <line num="145" count="1" type="cond" truecount="1" falsecount="1"/>
        <line num="150" count="13" type="cond" truecount="4" falsecount="0"/>
        <line num="151" count="2" type="cond" truecount="1" falsecount="1"/>
        <line num="155" count="13" type="cond" truecount="2" falsecount="0"/>
        <line num="156" count="11" type="stmt"/>
        <line num="157" count="11" type="stmt"/>
        <line num="163" count="13" type="stmt"/>
        <line num="168" count="13" type="cond" truecount="2" falsecount="0"/>
        <line num="169" count="1" type="stmt"/>
        <line num="180" count="12" type="stmt"/>
        <line num="194" count="13" type="stmt"/>
        <line num="197" count="13" type="stmt"/>
        <line num="202" count="13" type="stmt"/>
        <line num="207" count="13" type="stmt"/>
        <line num="209" count="13" type="stmt"/>
        <line num="221" count="13" type="stmt"/>
        <line num="222" count="13" type="cond" truecount="1" falsecount="1"/>
        <line num="224" count="13" type="stmt"/>
        <line num="225" count="13" type="stmt"/>
        <line num="227" count="13" type="stmt"/>
        <line num="249" count="1" type="stmt"/>
        <line num="250" count="1" type="stmt"/>
      </file>
    </package>
  </project>
</coverage>
