TN:
SF:strapi-server.js
FN:7,(anonymous_0)
FNF:1
FNH:1
FNDA:1,(anonymous_0)
DA:3,1
DA:4,1
DA:6,1
LF:3
LH:3
BRF:0
BRH:0
end_of_record
TN:
SF:server/bootstrap.js
FN:10,(anonymous_0)
FN:29,(anonymous_1)
FNF:2
FNH:2
FNDA:13,(anonymous_0)
FNDA:2,(anonymous_1)
DA:3,1
DA:10,1
DA:11,13
DA:13,13
DA:14,5
DA:18,5
DA:21,8
DA:30,2
DA:31,1
DA:40,8
DA:45,8
LF:11
LH:11
BRDA:13,0,0,5
BRDA:13,0,1,8
BRDA:13,1,0,13
BRDA:13,1,1,11
BRDA:13,1,2,10
BRDA:30,2,0,1
BRDA:30,2,1,1
BRF:7
BRH:7
end_of_record
TN:
SF:server/controllers/sso.js
FN:11,(anonymous_0)
FN:69,(anonymous_1)
FN:144,(anonymous_2)
FN:151,(anonymous_3)
FNF:4
FNH:4
FNDA:7,(anonymous_0)
FNDA:22,(anonymous_1)
FNDA:1,(anonymous_2)
FNDA:2,(anonymous_3)
DA:3,1
DA:4,1
DA:6,1
DA:12,7
DA:13,7
DA:14,7
DA:16,7
DA:17,1
DA:18,1
DA:22,6
DA:28,6
DA:33,6
DA:41,6
DA:42,6
DA:50,6
DA:58,5
DA:60,1
DA:61,1
DA:70,22
DA:71,22
DA:72,22
DA:74,22
DA:75,2
DA:76,2
DA:79,20
DA:81,20
DA:82,1
DA:83,1
DA:84,1
DA:88,19
DA:89,19
DA:91,19
DA:92,3
DA:93,3
DA:97,16
DA:98,16
DA:101,16
DA:108,15
DA:111,15
DA:116,15
DA:121,15
DA:125,15
DA:128,15
DA:129,15
DA:130,15
DA:132,15
DA:134,15
DA:135,2
DA:136,2
DA:137,2
DA:141,13
DA:142,13
DA:143,2
DA:144,1
DA:145,1
DA:150,13
DA:151,2
DA:155,13
DA:156,11
DA:157,11
DA:163,13
DA:168,13
DA:169,1
DA:180,12
DA:194,13
DA:197,13
DA:202,13
DA:207,13
DA:209,13
DA:221,13
DA:222,13
DA:224,13
DA:225,13
DA:227,13
DA:249,1
DA:250,1
LF:76
LH:76
BRDA:16,0,0,1
BRDA:16,0,1,6
BRDA:74,1,0,2
BRDA:74,1,1,20
BRDA:81,2,0,1
BRDA:81,2,1,19
BRDA:91,3,0,3
BRDA:91,3,1,16
BRDA:91,4,0,19
BRDA:91,4,1,18
BRDA:91,4,2,17
BRDA:111,5,0,15
BRDA:111,5,1,1
BRDA:111,5,2,0
BRDA:116,6,0,15
BRDA:116,6,1,0
BRDA:116,6,2,0
BRDA:121,7,0,15
BRDA:121,7,1,0
BRDA:121,7,2,0
BRDA:125,8,0,15
BRDA:125,8,1,0
BRDA:129,9,0,15
BRDA:129,9,1,0
BRDA:130,10,0,15
BRDA:130,10,1,0
BRDA:134,11,0,2
BRDA:134,11,1,13
BRDA:143,12,0,1
BRDA:143,12,1,1
BRDA:144,13,0,1
BRDA:144,13,1,0
BRDA:145,14,0,1
BRDA:145,14,1,0
BRDA:150,15,0,1
BRDA:150,15,1,12
BRDA:150,16,0,13
BRDA:150,16,1,12
BRDA:151,17,0,1
BRDA:151,17,1,0
BRDA:155,18,0,11
BRDA:155,18,1,2
BRDA:168,19,0,1
BRDA:168,19,1,12
BRDA:222,20,0,0
BRDA:222,20,1,13
BRF:46
BRH:34
end_of_record
